<?xml version="1.0" encoding="UTF-8"?>
<testsuite xmlns:xsi="http://www.w3.org/2001/XMLSchema-instance" xsi:noNamespaceSchemaLocation="https://maven.apache.org/surefire/maven-surefire-plugin/xsd/surefire-test-report-3.0.xsd" version="3.0" name="at.ac.fhcampuswien.fhmdb.models.MovieTest" time="0.004" tests="3" errors="0" skipped="0" failures="0">
  <properties>
[...]
</properties>
  <testcase name="initializeMovies_not_null" classname="at.ac.fhcampuswien.fhmdb.models.MovieTest" time="0.001"/>
  <testcase name="initializeMovies_not_empty" classname="at.ac.fhcampuswien.fhmdb.models.MovieTest" time="0.001"/>
  <testcase name="initializeMovie_not_DoubleValues" classname="at.ac.fhcampuswien.fhmdb.models.MovieTest" time="0.001"/>
</testsuite>